{"C:\\Users\\Monos.com.ua\\Documents\\GitHub\\uitp-lab\\math.js": {"path":"C:\\Users\\Monos.com.ua\\Documents\\GitHub\\uitp-lab\\math.js","all":false,"statementMap":{"0":{"start":{"line":1,"column":0},"end":{"line":1,"column":59}},"1":{"start":{"line":2,"column":0},"end":{"line":2,"column":49}},"2":{"start":{"line":3,"column":0},"end":{"line":3,"column":42}},"3":{"start":{"line":4,"column":0},"end":{"line":4,"column":49}},"4":{"start":{"line":5,"column":0},"end":{"line":5,"column":1}}},"s":{"0":1,"1":5,"2":5,"3":3,"4":3},"branchMap":{"0":{"type":"branch","line":1,"loc":{"start":{"line":1,"column":7},"end":{"line":5,"column":1}},"locations":[{"start":{"line":1,"column":7},"end":{"line":5,"column":1}}]},"1":{"type":"branch","line":2,"loc":{"start":{"line":2,"column":16},"end":{"line":2,"column":38}},"locations":[{"start":{"line":2,"column":16},"end":{"line":2,"column":38}}]},"2":{"type":"branch","line":2,"loc":{"start":{"line":2,"column":40},"end":{"line":2,"column":49}},"locations":[{"start":{"line":2,"column":40},"end":{"line":2,"column":49}}]},"3":{"type":"branch","line":3,"loc":{"start":{"line":3,"column":-2},"end":{"line":3,"column":29}},"locations":[{"start":{"line":3,"column":-2},"end":{"line":3,"column":29}}]},"4":{"type":"branch","line":3,"loc":{"start":{"line":3,"column":29},"end":{"line":3,"column":42}},"locations":[{"start":{"line":3,"column":29},"end":{"line":3,"column":42}}]},"5":{"type":"branch","line":4,"loc":{"start":{"line":4,"column":-2},"end":{"line":5,"column":1}},"locations":[{"start":{"line":4,"column":-2},"end":{"line":5,"column":1}}]}},"b":{"0":[5],"1":[4],"2":[1],"3":[4],"4":[1],"5":[3]},"fnMap":{"0":{"name":"calculateDiscount","decl":{"start":{"line":1,"column":7},"end":{"line":5,"column":1}},"loc":{"start":{"line":1,"column":7},"end":{"line":5,"column":1}},"line":1}},"f":{"0":5}}
}
